Getting Stack Overflow questions at 2018-03-13 14:00:02
Extracted 0 questions
Posting questions as tweets
Getting Stack Overflow questions at 2018-03-13 14:16:02
Extracted  questions
Posting questions as tweets
Getting Stack Overflow questions at 2018-03-13 14:17:01
Extracted  questions
Posting questions as tweets
Getting Stack Overflow questions at 2018-03-13 14:18:01
Extracted  questions
Posting questions as tweets
Getting Stack Overflow questions at 2018-03-13 14:30:02
Extracted  questions
Posting questions as tweets
Getting Stack Overflow questions at 2018-03-13 14:45:01
Extracted  questions
Posting questions as tweets
Getting Stack Overflow questions at 2018-03-13 15:00:01
Extracted  questions
Posting questions as tweets
Getting Stack Overflow questions at 2018-03-13 15:15:02
Extracted  questions
Posting questions as tweets
Getting Stack Overflow questions at 2018-03-13 15:30:01
Extracted  questions
Posting questions as tweets
Getting Stack Overflow questions at 2018-03-13 15:45:02
Extracted  questions
Posting questions as tweets
Getting Stack Overflow questions at 2018-03-13 16:00:01
Extracted  questions
Posting questions as tweets
Getting Stack Overflow questions at 2018-03-13 16:15:02
Extracted  questions
Posting questions as tweets
Getting Stack Overflow questions at 2018-03-13 16:30:01
Extracted  questions
Posting questions as tweets
Getting Stack Overflow questions at 2018-03-13 16:45:01
Extracted  questions
Posting questions as tweets
Getting Stack Overflow questions at 2018-03-13 17:00:02
Extracted  questions
Posting questions as tweets
your tweet has been posted!
Getting Stack Overflow questions at 2018-03-13 17:15:02
Extracted  questions
Posting questions as tweets
your tweet has been posted!
Getting Stack Overflow questions at 2018-03-13 17:30:02
Extracted  questions
Posting questions as tweets
Getting Stack Overflow questions at 2018-03-13 17:45:01
Extracted  questions
Posting questions as tweets
your tweet has been posted!
Getting Stack Overflow questions at 2018-03-13 18:00:01
Extracted  questions
Posting questions as tweets
Getting Stack Overflow questions at 2018-03-13 18:15:02
Extracted  questions
Posting questions as tweets
Getting Stack Overflow questions at 2018-03-13 18:30:02
Extracted  questions
Posting questions as tweets
Getting Stack Overflow questions at 2018-03-13 18:45:02
Extracted  questions
Posting questions as tweets
Getting Stack Overflow questions at 2018-03-13 19:00:01
Extracted  questions
Posting questions as tweets
Getting Stack Overflow questions at 2018-03-13 19:15:02
Extracted  questions
Posting questions as tweets
Getting Stack Overflow questions at 2018-03-13 19:30:02
Extracted  questions
Posting questions as tweets
Getting Stack Overflow questions at 2018-03-13 19:45:01
Extracted  questions
Posting questions as tweets
Getting Stack Overflow questions at 2018-03-13 20:00:01
Extracted  questions
Posting questions as tweets
Getting Stack Overflow questions at 2018-03-13 20:15:02
Extracted  questions
Posting questions as tweets
Getting Stack Overflow questions at 2018-03-13 20:30:01
Extracted  questions
Posting questions as tweets
Getting Stack Overflow questions at 2018-03-13 20:45:01
Extracted  questions
Posting questions as tweets
Getting Stack Overflow questions at 2018-03-13 21:00:02
Extracted  questions
Posting questions as tweets
Getting Stack Overflow questions at 2018-03-13 21:15:01
Extracted  questions
Posting questions as tweets
Getting Stack Overflow questions at 2018-03-13 21:30:02
Extracted  questions
Posting questions as tweets
Getting Stack Overflow questions at 2018-03-13 21:45:02
Extracted  questions
Posting questions as tweets
Getting Stack Overflow questions at 2018-03-13 22:00:01
Extracted  questions
Posting questions as tweets
Getting Stack Overflow questions at 2018-03-13 22:15:01
Extracted  questions
Posting questions as tweets
Getting Stack Overflow questions at 2018-03-13 22:30:02
Extracted  questions
Posting questions as tweets
Getting Stack Overflow questions at 2018-03-13 22:45:01
Extracted  questions
Posting questions as tweets
Getting Stack Overflow questions at 2018-03-13 23:00:01
Extracted  questions
Posting questions as tweets
Getting Stack Overflow questions at 2018-03-13 23:15:02
Extracted  questions
Posting questions as tweets
Getting Stack Overflow questions at 2018-03-13 23:30:02
Extracted  questions
Posting questions as tweets
Getting Stack Overflow questions at 2018-03-13 23:45:01
Extracted  questions
Posting questions as tweets
Getting Stack Overflow questions at 2018-03-14 00:00:02
Extracted  questions
Posting questions as tweets
Getting Stack Overflow questions at 2018-03-14 00:15:01
Extracted  questions
Posting questions as tweets
Getting Stack Overflow questions at 2018-03-14 00:30:01
Extracted  questions
Posting questions as tweets
Getting Stack Overflow questions at 2018-03-14 00:45:02
Extracted  questions
Posting questions as tweets
your tweet has been posted!
Getting Stack Overflow questions at 2018-03-14 01:00:02
Extracted  questions
Posting questions as tweets
Getting Stack Overflow questions at 2018-03-14 01:15:01
Extracted  questions
Posting questions as tweets
Getting Stack Overflow questions at 2018-03-14 01:30:01
Extracted  questions
Posting questions as tweets
Getting Stack Overflow questions at 2018-03-14 01:45:02
Extracted  questions
Posting questions as tweets
Getting Stack Overflow questions at 2018-03-14 02:00:01
Extracted  questions
Posting questions as tweets
Getting Stack Overflow questions at 2018-03-14 02:15:01
Extracted  questions
Posting questions as tweets
Getting Stack Overflow questions at 2018-03-14 02:30:02
Extracted  questions
Posting questions as tweets
Getting Stack Overflow questions at 2018-03-14 02:45:01
Extracted  questions
Posting questions as tweets
Getting Stack Overflow questions at 2018-03-14 03:00:01
Extracted  questions
Posting questions as tweets
Getting Stack Overflow questions at 2018-03-14 03:15:02
Extracted  questions
Posting questions as tweets
Getting Stack Overflow questions at 2018-03-14 03:30:01
Extracted  questions
Posting questions as tweets
Getting Stack Overflow questions at 2018-03-14 03:45:01
Extracted  questions
Posting questions as tweets
Getting Stack Overflow questions at 2018-03-14 04:00:02
Extracted  questions
Posting questions as tweets
Getting Stack Overflow questions at 2018-03-14 04:15:01
Extracted  questions
Posting questions as tweets
Getting Stack Overflow questions at 2018-03-14 04:30:01
Extracted  questions
Posting questions as tweets
Getting Stack Overflow questions at 2018-03-14 04:45:02
Extracted  questions
Posting questions as tweets
Getting Stack Overflow questions at 2018-03-14 05:00:01
Extracted  questions
Posting questions as tweets
Getting Stack Overflow questions at 2018-03-14 05:15:01
Extracted  questions
Posting questions as tweets
Getting Stack Overflow questions at 2018-03-14 05:30:02
Extracted  questions
Posting questions as tweets
Getting Stack Overflow questions at 2018-03-14 05:45:02
Extracted  questions
Posting questions as tweets
Getting Stack Overflow questions at 2018-03-14 06:00:01
Extracted  questions
Posting questions as tweets
Getting Stack Overflow questions at 2018-03-14 06:15:02
Extracted  questions
Posting questions as tweets
Getting Stack Overflow questions at 2018-03-14 06:30:02
Extracted  questions
Posting questions as tweets
Getting Stack Overflow questions at 2018-03-14 06:45:01
Extracted  questions
Posting questions as tweets
Getting Stack Overflow questions at 2018-03-14 07:00:02
Extracted  questions
Posting questions as tweets
Getting Stack Overflow questions at 2018-03-14 07:15:02
Extracted  questions
Posting questions as tweets
Getting Stack Overflow questions at 2018-03-14 07:30:01
Extracted  questions
Posting questions as tweets
Getting Stack Overflow questions at 2018-03-14 07:45:02
Extracted  questions
Posting questions as tweets
Getting Stack Overflow questions at 2018-03-14 08:00:02
Extracted  questions
Posting questions as tweets
Getting Stack Overflow questions at 2018-03-14 08:15:01
Extracted  questions
Posting questions as tweets
Getting Stack Overflow questions at 2018-03-14 08:30:01
Extracted  questions
Posting questions as tweets
Getting Stack Overflow questions at 2018-03-14 08:45:02
Extracted  questions
Posting questions as tweets
Getting Stack Overflow questions at 2018-03-14 09:00:01
Extracted  questions
Posting questions as tweets
Getting Stack Overflow questions at 2018-03-14 09:15:01
Extracted  questions
Posting questions as tweets
Getting Stack Overflow questions at 2018-03-14 09:30:02
Extracted  questions
Posting questions as tweets
Getting Stack Overflow questions at 2018-03-14 09:45:01
Extracted  questions
Posting questions as tweets
Getting Stack Overflow questions at 2018-03-14 10:00:01
Extracted 0 questions
Posting questions as tweets
Getting Stack Overflow questions at 2018-03-14 10:15:02
Extracted 0 questions
Posting questions as tweets
Getting Stack Overflow questions at 2018-03-14 10:30:02
Extracted 0 questions
Posting questions as tweets
Getting Stack Overflow questions at 2018-03-14 10:45:01
Extracted 0 questions
Posting questions as tweets
Getting Stack Overflow questions at 2018-03-14 11:00:02
Extracted 0 questions
Posting questions as tweets
Getting Stack Overflow questions at 2018-03-14 11:15:01
Extracted 0 questions
Posting questions as tweets
Getting Stack Overflow questions at 2018-03-14 11:30:01
Extracted 0 questions
Posting questions as tweets
Getting Stack Overflow questions at 2018-03-14 11:45:02
Extracted 0 questions
Posting questions as tweets
Getting Stack Overflow questions at 2018-03-14 12:00:01
Extracted 0 questions
Posting questions as tweets
Getting Stack Overflow questions at 2018-03-14 12:15:01
Extracted 0 questions
Posting questions as tweets
Getting Stack Overflow questions at 2018-03-14 12:30:02
Extracted 0 questions
Posting questions as tweets
Getting Stack Overflow questions at 2018-03-14 12:45:01
Extracted 0 questions
Posting questions as tweets
Getting Stack Overflow questions at 2018-03-14 13:00:01
Extracted 0 questions
Posting questions as tweets
Getting Stack Overflow questions at 2018-03-14 13:15:02
Extracted 0 questions
Posting questions as tweets
Getting Stack Overflow questions at 2018-03-14 13:30:01
Extracted 0 questions
Posting questions as tweets
Getting Stack Overflow questions at 2018-03-14 13:45:02
Extracted 0 questions
Posting questions as tweets
Getting Stack Overflow questions at 2018-03-14 14:00:02
Extracted 0 questions
Posting questions as tweets
Getting Stack Overflow questions at 2018-03-14 14:15:01
Extracted 0 questions
Posting questions as tweets
Getting Stack Overflow questions at 2018-03-14 14:30:02
Extracted 0 questions
Posting questions as tweets
Getting Stack Overflow questions at 2018-03-14 14:45:02
Extracted 0 questions
Posting questions as tweets
Getting Stack Overflow questions at 2018-03-14 15:00:01
Extracted 0 questions
Posting questions as tweets
Getting Stack Overflow questions at 2018-03-14 15:15:02
Extracted 0 questions
Posting questions as tweets
Getting Stack Overflow questions at 2018-03-14 15:30:01
Extracted 0 questions
Posting questions as tweets
Getting Stack Overflow questions at 2018-03-14 15:45:01
Extracted 0 questions
Posting questions as tweets
Getting Stack Overflow questions at 2018-03-14 16:00:02
Extracted 0 questions
Posting questions as tweets
Getting Stack Overflow questions at 2018-03-14 16:15:01
Extracted 0 questions
Posting questions as tweets
Getting Stack Overflow questions at 2018-03-14 16:30:01
Extracted 0 questions
Posting questions as tweets
Getting Stack Overflow questions at 2018-03-14 16:45:02
Extracted 0 questions
Posting questions as tweets
Getting Stack Overflow questions at 2018-03-14 17:00:01
Extracted 0 questions
Posting questions as tweets
Getting Stack Overflow questions at 2018-03-14 17:15:01
Extracted 1 questions
Posting questions as tweets
your tweet has been posted!
Getting Stack Overflow questions at 2018-03-14 17:30:01
Extracted 0 questions
Posting questions as tweets
Getting Stack Overflow questions at 2018-03-14 17:45:02
Extracted 0 questions
Posting questions as tweets
Getting Stack Overflow questions at 2018-03-14 18:00:02
Extracted 0 questions
Posting questions as tweets
Getting Stack Overflow questions at 2018-03-14 18:15:01
Extracted 0 questions
Posting questions as tweets
Getting Stack Overflow questions at 2018-03-14 18:30:02
Extracted 0 questions
Posting questions as tweets
Getting Stack Overflow questions at 2018-03-14 18:45:02
Extracted 0 questions
Posting questions as tweets
Getting Stack Overflow questions at 2018-03-14 19:00:01
Extracted 0 questions
Posting questions as tweets
Getting Stack Overflow questions at 2018-03-14 19:15:02
Extracted 0 questions
Posting questions as tweets
Getting Stack Overflow questions at 2018-03-14 19:30:02
Extracted 0 questions
Posting questions as tweets
Getting Stack Overflow questions at 2018-03-14 19:45:01
Extracted 0 questions
Posting questions as tweets
Getting Stack Overflow questions at 2018-03-14 20:00:02
Extracted 0 questions
Posting questions as tweets
Getting Stack Overflow questions at 2018-03-14 20:15:01
Extracted 0 questions
Posting questions as tweets
Getting Stack Overflow questions at 2018-03-14 20:30:01
Extracted 0 questions
Posting questions as tweets
Getting Stack Overflow questions at 2018-03-14 20:45:02
Extracted 0 questions
Posting questions as tweets
Getting Stack Overflow questions at 2018-03-14 21:00:02
Extracted 0 questions
Posting questions as tweets
Getting Stack Overflow questions at 2018-03-14 21:15:02
Extracted 0 questions
Posting questions as tweets
Getting Stack Overflow questions at 2018-03-14 21:30:02
Extracted 0 questions
Posting questions as tweets
Getting Stack Overflow questions at 2018-03-14 21:45:01
Extracted 0 questions
Posting questions as tweets
Getting Stack Overflow questions at 2018-03-14 22:00:02
Extracted 0 questions
Posting questions as tweets
Getting Stack Overflow questions at 2018-03-14 22:15:02
Extracted 0 questions
Posting questions as tweets
Getting Stack Overflow questions at 2018-03-14 22:30:01
Extracted 0 questions
Posting questions as tweets
Getting Stack Overflow questions at 2018-03-14 22:45:02
Extracted 0 questions
Posting questions as tweets
Getting Stack Overflow questions at 2018-03-14 23:00:02
Extracted 0 questions
Posting questions as tweets
Getting Stack Overflow questions at 2018-03-14 23:15:01
Extracted 0 questions
Posting questions as tweets
Getting Stack Overflow questions at 2018-03-14 23:30:01
Extracted 0 questions
Posting questions as tweets
Getting Stack Overflow questions at 2018-03-14 23:45:02
Extracted 0 questions
Posting questions as tweets
Getting Stack Overflow questions at 2018-03-15 00:00:01
Extracted 0 questions
Posting questions as tweets
Getting Stack Overflow questions at 2018-03-15 00:15:01
Extracted 0 questions
Posting questions as tweets
Getting Stack Overflow questions at 2018-03-15 00:30:02
Extracted 0 questions
Posting questions as tweets
Getting Stack Overflow questions at 2018-03-15 00:45:02
Extracted 0 questions
Posting questions as tweets
Getting Stack Overflow questions at 2018-03-15 01:00:01
Extracted 0 questions
Posting questions as tweets
Getting Stack Overflow questions at 2018-03-15 01:15:02
Extracted 0 questions
Posting questions as tweets
Getting Stack Overflow questions at 2018-03-15 01:30:02
Extracted 0 questions
Posting questions as tweets
Getting Stack Overflow questions at 2018-03-15 01:45:01
Extracted 0 questions
Posting questions as tweets
Getting Stack Overflow questions at 2018-03-15 02:00:01
Extracted 0 questions
Posting questions as tweets
Getting Stack Overflow questions at 2018-03-15 02:15:02
Extracted 0 questions
Posting questions as tweets
Getting Stack Overflow questions at 2018-03-15 02:30:01
Extracted 0 questions
Posting questions as tweets
Getting Stack Overflow questions at 2018-03-15 02:45:01
Extracted 0 questions
Posting questions as tweets
Getting Stack Overflow questions at 2018-03-15 03:00:02
Extracted 0 questions
Posting questions as tweets
Getting Stack Overflow questions at 2018-03-15 03:15:01
Extracted 0 questions
Posting questions as tweets
Getting Stack Overflow questions at 2018-03-15 03:30:01
Extracted 0 questions
Posting questions as tweets
Getting Stack Overflow questions at 2018-03-15 03:45:02
Extracted 0 questions
Posting questions as tweets
Getting Stack Overflow questions at 2018-03-15 04:00:02
Extracted 0 questions
Posting questions as tweets
Getting Stack Overflow questions at 2018-03-15 04:15:01
Extracted 0 questions
Posting questions as tweets
Getting Stack Overflow questions at 2018-03-15 04:30:02
Extracted 0 questions
Posting questions as tweets
Getting Stack Overflow questions at 2018-03-15 04:45:02
Extracted 0 questions
Posting questions as tweets
Getting Stack Overflow questions at 2018-03-15 05:00:01
Extracted 0 questions
Posting questions as tweets
Getting Stack Overflow questions at 2018-03-15 05:15:02
Extracted 0 questions
Posting questions as tweets
Getting Stack Overflow questions at 2018-03-15 05:30:02
Extracted 0 questions
Posting questions as tweets
Getting Stack Overflow questions at 2018-03-15 05:45:01
Extracted 0 questions
Posting questions as tweets
Getting Stack Overflow questions at 2018-03-15 06:00:02
Extracted 0 questions
Posting questions as tweets
Getting Stack Overflow questions at 2018-03-15 06:15:02
Extracted 0 questions
Posting questions as tweets
Getting Stack Overflow questions at 2018-03-15 06:30:02
Extracted 0 questions
Posting questions as tweets
Getting Stack Overflow questions at 2018-03-15 06:45:02
Extracted 0 questions
Posting questions as tweets
Getting Stack Overflow questions at 2018-03-15 07:00:01
Extracted 0 questions
Posting questions as tweets
Getting Stack Overflow questions at 2018-03-15 07:15:01
Extracted 0 questions
Posting questions as tweets
Getting Stack Overflow questions at 2018-03-15 07:30:02
Extracted 0 questions
Posting questions as tweets
Getting Stack Overflow questions at 2018-03-15 07:45:02
Extracted 0 questions
Posting questions as tweets
Getting Stack Overflow questions at 2018-03-15 08:00:01
Extracted 0 questions
Posting questions as tweets
Getting Stack Overflow questions at 2018-03-15 08:15:02
Extracted 0 questions
Posting questions as tweets
Getting Stack Overflow questions at 2018-03-15 08:30:02
Extracted 0 questions
Posting questions as tweets
Getting Stack Overflow questions at 2018-03-15 08:45:01
Extracted 0 questions
Posting questions as tweets
Getting Stack Overflow questions at 2018-03-15 09:00:02
Extracted 0 questions
Posting questions as tweets
Getting Stack Overflow questions at 2018-03-15 09:15:01
Extracted 0 questions
Posting questions as tweets
Getting Stack Overflow questions at 2018-03-15 09:30:01
Extracted 0 questions
Posting questions as tweets
Getting Stack Overflow questions at 2018-03-15 09:45:02
Extracted 0 questions
Posting questions as tweets
Getting Stack Overflow questions at 2018-03-15 10:00:01
Extracted 0 questions
Posting questions as tweets
Getting Stack Overflow questions at 2018-03-15 10:15:01
Extracted 0 questions
Posting questions as tweets
Getting Stack Overflow questions at 2018-03-15 10:30:02
Extracted 0 questions
Posting questions as tweets
Getting Stack Overflow questions at 2018-03-15 10:45:01
Extracted 0 questions
Posting questions as tweets
Getting Stack Overflow questions at 2018-03-15 11:00:01
Extracted 1 questions
Posting questions as tweets
your tweet has been posted!
Getting Stack Overflow questions at 2018-03-15 11:15:01
Extracted 0 questions
Posting questions as tweets
Getting Stack Overflow questions at 2018-03-15 11:30:01
Extracted 0 questions
Posting questions as tweets
Getting Stack Overflow questions at 2018-03-15 11:45:02
Extracted 0 questions
Posting questions as tweets
Getting Stack Overflow questions at 2018-03-15 12:00:01
Extracted 0 questions
Posting questions as tweets
Getting Stack Overflow questions at 2018-03-15 12:15:01
Extracted 0 questions
Posting questions as tweets
Getting Stack Overflow questions at 2018-03-15 12:30:02
Extracted 0 questions
Posting questions as tweets
Getting Stack Overflow questions at 2018-03-15 12:45:01
Extracted 0 questions
Posting questions as tweets
Getting Stack Overflow questions at 2018-03-15 13:00:01
Extracted 0 questions
Posting questions as tweets
Getting Stack Overflow questions at 2018-03-15 13:15:02
Extracted 0 questions
Posting questions as tweets
Getting Stack Overflow questions at 2018-03-15 13:30:01
Extracted 0 questions
Posting questions as tweets
Getting Stack Overflow questions at 2018-03-15 13:45:02
Extracted 0 questions
Posting questions as tweets
Getting Stack Overflow questions at 2018-03-15 14:00:02
Extracted 0 questions
Posting questions as tweets
Getting Stack Overflow questions at 2018-03-15 14:15:01
Extracted 0 questions
Posting questions as tweets
Getting Stack Overflow questions at 2018-03-15 14:30:02
Extracted 0 questions
Posting questions as tweets
Getting Stack Overflow questions at 2018-03-15 14:45:02
Extracted 0 questions
Posting questions as tweets
Getting Stack Overflow questions at 2018-03-15 15:00:01
Extracted 0 questions
Posting questions as tweets
Getting Stack Overflow questions at 2018-03-15 15:15:02
Extracted 0 questions
Posting questions as tweets
Getting Stack Overflow questions at 2018-03-15 15:30:01
Extracted 0 questions
Posting questions as tweets
Getting Stack Overflow questions at 2018-03-15 15:45:01
Extracted 0 questions
Posting questions as tweets
Getting Stack Overflow questions at 2018-03-15 16:00:02
Extracted 0 questions
Posting questions as tweets
Getting Stack Overflow questions at 2018-03-15 16:15:01
Extracted 0 questions
Posting questions as tweets
Getting Stack Overflow questions at 2018-03-15 16:30:01
Extracted 0 questions
Posting questions as tweets
Getting Stack Overflow questions at 2018-03-15 16:45:02
Extracted 0 questions
Posting questions as tweets
Getting Stack Overflow questions at 2018-03-15 17:00:01
Extracted 0 questions
Posting questions as tweets
Getting Stack Overflow questions at 2018-03-15 17:15:01
Extracted 0 questions
Posting questions as tweets
Getting Stack Overflow questions at 2018-03-15 17:30:02
Extracted 0 questions
Posting questions as tweets
Getting Stack Overflow questions at 2018-03-15 17:45:01
Extracted 0 questions
Posting questions as tweets
Getting Stack Overflow questions at 2018-03-15 18:00:02
Extracted 0 questions
Posting questions as tweets
Getting Stack Overflow questions at 2018-03-15 18:15:02
Extracted 0 questions
Posting questions as tweets
Getting Stack Overflow questions at 2018-03-15 18:30:01
Extracted 0 questions
Posting questions as tweets
Getting Stack Overflow questions at 2018-03-15 18:45:02
Extracted 0 questions
Posting questions as tweets
Getting Stack Overflow questions at 2018-03-15 19:00:02
Extracted 0 questions
Posting questions as tweets
Getting Stack Overflow questions at 2018-03-15 19:15:02
Extracted 0 questions
Posting questions as tweets
Getting Stack Overflow questions at 2018-03-15 19:30:01
Extracted 0 questions
Posting questions as tweets
Getting Stack Overflow questions at 2018-03-15 19:45:02
Extracted 0 questions
Posting questions as tweets
Getting Stack Overflow questions at 2018-03-15 20:00:02
Extracted 0 questions
Posting questions as tweets
Getting Stack Overflow questions at 2018-03-15 20:15:01
Extracted 0 questions
Posting questions as tweets
Getting Stack Overflow questions at 2018-03-15 20:30:02
Extracted 0 questions
Posting questions as tweets
Getting Stack Overflow questions at 2018-03-15 20:45:02
Extracted 0 questions
Posting questions as tweets
Getting Stack Overflow questions at 2018-03-15 21:00:01
Extracted 0 questions
Posting questions as tweets
Getting Stack Overflow questions at 2018-03-15 21:15:02
Extracted 0 questions
Posting questions as tweets
Getting Stack Overflow questions at 2018-03-15 21:30:02
Extracted 0 questions
Posting questions as tweets
Getting Stack Overflow questions at 2018-03-15 21:45:01
Extracted 0 questions
Posting questions as tweets
Getting Stack Overflow questions at 2018-03-15 22:00:02
Extracted 0 questions
Posting questions as tweets
Getting Stack Overflow questions at 2018-03-15 22:15:02
Extracted 0 questions
Posting questions as tweets
Getting Stack Overflow questions at 2018-03-15 22:30:01
Extracted 0 questions
Posting questions as tweets
Getting Stack Overflow questions at 2018-03-15 22:45:02
Extracted 0 questions
Posting questions as tweets
Getting Stack Overflow questions at 2018-03-15 23:00:01
Extracted 0 questions
Posting questions as tweets
Getting Stack Overflow questions at 2018-03-15 23:15:01
Extracted 0 questions
Posting questions as tweets
Getting Stack Overflow questions at 2018-03-15 23:30:02
Extracted 0 questions
Posting questions as tweets
Getting Stack Overflow questions at 2018-03-15 23:45:02
Extracted 0 questions
Posting questions as tweets
Getting Stack Overflow questions at 2018-03-16 00:00:01
Extracted 0 questions
Posting questions as tweets
Getting Stack Overflow questions at 2018-03-16 00:15:02
Extracted 0 questions
Posting questions as tweets
Getting Stack Overflow questions at 2018-03-16 00:30:02
Extracted 0 questions
Posting questions as tweets
Getting Stack Overflow questions at 2018-03-16 00:45:01
Extracted 0 questions
Posting questions as tweets
Getting Stack Overflow questions at 2018-03-16 01:00:02
Extracted 0 questions
Posting questions as tweets
Getting Stack Overflow questions at 2018-03-16 01:15:02
Extracted 0 questions
Posting questions as tweets
Getting Stack Overflow questions at 2018-03-16 01:30:01
Extracted 0 questions
Posting questions as tweets
Getting Stack Overflow questions at 2018-03-16 01:45:01
Extracted 0 questions
Posting questions as tweets
Getting Stack Overflow questions at 2018-03-16 02:00:02
Extracted 0 questions
Posting questions as tweets
Getting Stack Overflow questions at 2018-03-16 02:15:01
Extracted 0 questions
Posting questions as tweets
Getting Stack Overflow questions at 2018-03-16 02:30:01
Extracted 0 questions
Posting questions as tweets
Getting Stack Overflow questions at 2018-03-16 02:45:02
Extracted 0 questions
Posting questions as tweets
Getting Stack Overflow questions at 2018-03-16 03:00:01
Extracted 0 questions
Posting questions as tweets
Getting Stack Overflow questions at 2018-03-16 03:15:01
Extracted 0 questions
Posting questions as tweets
Getting Stack Overflow questions at 2018-03-16 03:30:02
Extracted 0 questions
Posting questions as tweets
Getting Stack Overflow questions at 2018-03-16 03:45:02
Extracted 0 questions
Posting questions as tweets
Getting Stack Overflow questions at 2018-03-16 04:00:01
Extracted 0 questions
Posting questions as tweets
Getting Stack Overflow questions at 2018-03-16 04:15:02
Extracted 0 questions
Posting questions as tweets
Getting Stack Overflow questions at 2018-03-16 04:30:02
Extracted 0 questions
Posting questions as tweets
Getting Stack Overflow questions at 2018-03-16 04:45:01
Extracted 0 questions
Posting questions as tweets
Getting Stack Overflow questions at 2018-03-16 05:00:02
Extracted 0 questions
Posting questions as tweets
Getting Stack Overflow questions at 2018-03-16 05:15:01
Extracted 0 questions
Posting questions as tweets
Getting Stack Overflow questions at 2018-03-16 05:30:01
Extracted 0 questions
Posting questions as tweets
Getting Stack Overflow questions at 2018-03-16 05:45:02
Extracted 0 questions
Posting questions as tweets
Getting Stack Overflow questions at 2018-03-16 06:00:01
Extracted 0 questions
Posting questions as tweets
Getting Stack Overflow questions at 2018-03-16 06:15:01
Extracted 0 questions
Posting questions as tweets
Getting Stack Overflow questions at 2018-03-16 06:30:01
Extracted 1 questions
Posting questions as tweets
your tweet has been posted!
Getting Stack Overflow questions at 2018-03-16 06:45:01
Extracted 0 questions
Posting questions as tweets
Getting Stack Overflow questions at 2018-03-16 07:00:02
Extracted 0 questions
Posting questions as tweets
Getting Stack Overflow questions at 2018-03-16 07:15:01
Extracted 0 questions
Posting questions as tweets
Getting Stack Overflow questions at 2018-03-16 07:30:02
Extracted 0 questions
Posting questions as tweets
Getting Stack Overflow questions at 2018-03-16 07:45:02
Extracted 0 questions
Posting questions as tweets
Getting Stack Overflow questions at 2018-03-16 08:00:01
Extracted 0 questions
Posting questions as tweets
Getting Stack Overflow questions at 2018-03-16 08:15:01
Extracted 0 questions
Posting questions as tweets
Getting Stack Overflow questions at 2018-03-16 08:30:02
Extracted 0 questions
Posting questions as tweets
Getting Stack Overflow questions at 2018-03-16 08:45:01
Extracted 0 questions
Posting questions as tweets
Getting Stack Overflow questions at 2018-03-16 09:00:01
Extracted 0 questions
Posting questions as tweets
Getting Stack Overflow questions at 2018-03-16 09:15:02
Extracted 0 questions
Posting questions as tweets
Getting Stack Overflow questions at 2018-03-16 09:30:01
Extracted 0 questions
Posting questions as tweets
Getting Stack Overflow questions at 2018-03-16 09:45:02
Extracted 0 questions
Posting questions as tweets
Getting Stack Overflow questions at 2018-03-16 10:00:02
Extracted 0 questions
Posting questions as tweets
Getting Stack Overflow questions at 2018-03-16 10:15:01
Extracted 0 questions
Posting questions as tweets
Getting Stack Overflow questions at 2018-03-16 10:30:02
Extracted 0 questions
Posting questions as tweets
Getting Stack Overflow questions at 2018-03-16 10:45:02
Extracted 0 questions
Posting questions as tweets
Getting Stack Overflow questions at 2018-03-16 11:00:01
Extracted 1 questions
Posting questions as tweets
your tweet has been posted!
Getting Stack Overflow questions at 2018-03-16 11:15:01
Extracted 0 questions
Posting questions as tweets
Getting Stack Overflow questions at 2018-03-16 11:30:01
Extracted 0 questions
Posting questions as tweets
Getting Stack Overflow questions at 2018-03-16 11:45:02
Extracted 0 questions
Posting questions as tweets
Getting Stack Overflow questions at 2018-03-16 12:00:01
Extracted 0 questions
Posting questions as tweets
Getting Stack Overflow questions at 2018-03-16 12:15:01
Extracted 0 questions
Posting questions as tweets
Getting Stack Overflow questions at 2018-03-16 12:30:02
Extracted 0 questions
Posting questions as tweets
Getting Stack Overflow questions at 2018-03-16 12:45:01
Extracted 0 questions
Posting questions as tweets
Getting Stack Overflow questions at 2018-03-16 13:00:01
Extracted 0 questions
Posting questions as tweets
Getting Stack Overflow questions at 2018-03-16 13:15:02
Extracted 0 questions
Posting questions as tweets
Getting Stack Overflow questions at 2018-03-16 13:30:02
Extracted 0 questions
Posting questions as tweets
Getting Stack Overflow questions at 2018-03-16 13:45:01
Extracted 0 questions
Posting questions as tweets
Getting Stack Overflow questions at 2018-03-16 14:00:02
Extracted 0 questions
Posting questions as tweets
Getting Stack Overflow questions at 2018-03-16 14:15:01
Extracted 0 questions
Posting questions as tweets
Getting Stack Overflow questions at 2018-03-16 14:30:01
Extracted 0 questions
Posting questions as tweets
Getting Stack Overflow questions at 2018-03-16 14:45:02
Extracted 0 questions
Posting questions as tweets
Getting Stack Overflow questions at 2018-03-16 15:00:02
Extracted 0 questions
Posting questions as tweets
Getting Stack Overflow questions at 2018-03-16 15:15:01
Extracted 0 questions
Posting questions as tweets
Getting Stack Overflow questions at 2018-03-16 15:30:02
Extracted 0 questions
Posting questions as tweets
Getting Stack Overflow questions at 2018-03-16 15:45:02
Extracted 0 questions
Posting questions as tweets
Getting Stack Overflow questions at 2018-03-16 16:00:01
Extracted 0 questions
Posting questions as tweets
Getting Stack Overflow questions at 2018-03-16 16:15:02
Extracted 0 questions
Posting questions as tweets
Getting Stack Overflow questions at 2018-03-16 16:30:01
Extracted 0 questions
Posting questions as tweets
Getting Stack Overflow questions at 2018-03-16 16:45:02
Extracted 0 questions
Posting questions as tweets
Getting Stack Overflow questions at 2018-03-16 17:00:02
Extracted 0 questions
Posting questions as tweets
Getting Stack Overflow questions at 2018-03-16 17:15:01
Extracted 0 questions
Posting questions as tweets
Getting Stack Overflow questions at 2018-03-16 17:30:02
Extracted 0 questions
Posting questions as tweets
Getting Stack Overflow questions at 2018-03-16 17:45:02
Extracted 0 questions
Posting questions as tweets
Getting Stack Overflow questions at 2018-03-16 18:00:01
Extracted 0 questions
Posting questions as tweets
Getting Stack Overflow questions at 2018-03-16 18:15:02
Extracted 0 questions
Posting questions as tweets
Getting Stack Overflow questions at 2018-03-16 18:30:02
Extracted 0 questions
Posting questions as tweets
Getting Stack Overflow questions at 2018-03-16 18:45:01
Extracted 0 questions
Posting questions as tweets
Getting Stack Overflow questions at 2018-03-16 19:00:02
Extracted 0 questions
Posting questions as tweets
Getting Stack Overflow questions at 2018-03-16 19:15:01
Extracted 0 questions
Posting questions as tweets
Getting Stack Overflow questions at 2018-03-16 19:30:01
Extracted 0 questions
Posting questions as tweets
Getting Stack Overflow questions at 2018-03-16 19:45:02
Extracted 0 questions
Posting questions as tweets
Getting Stack Overflow questions at 2018-03-16 20:00:01
Extracted 0 questions
Posting questions as tweets
Getting Stack Overflow questions at 2018-03-16 20:15:01
Extracted 0 questions
Posting questions as tweets
Getting Stack Overflow questions at 2018-03-16 20:30:02
Extracted 0 questions
Posting questions as tweets
Getting Stack Overflow questions at 2018-03-16 20:45:01
Extracted 0 questions
Posting questions as tweets
Getting Stack Overflow questions at 2018-03-16 21:00:01
Extracted 0 questions
Posting questions as tweets
Getting Stack Overflow questions at 2018-03-16 21:15:02
Extracted 0 questions
Posting questions as tweets
Getting Stack Overflow questions at 2018-03-16 21:30:01
Extracted 0 questions
Posting questions as tweets
Getting Stack Overflow questions at 2018-03-16 21:45:01
Extracted 0 questions
Posting questions as tweets
Getting Stack Overflow questions at 2018-03-16 22:00:02
Extracted 0 questions
Posting questions as tweets
Getting Stack Overflow questions at 2018-03-16 22:15:01
Extracted 0 questions
Posting questions as tweets
Getting Stack Overflow questions at 2018-03-16 22:30:01
Extracted 0 questions
Posting questions as tweets
Getting Stack Overflow questions at 2018-03-16 22:45:02
Extracted 0 questions
Posting questions as tweets
Getting Stack Overflow questions at 2018-03-16 23:00:01
Extracted 0 questions
Posting questions as tweets
Getting Stack Overflow questions at 2018-03-16 23:15:01
Extracted 0 questions
Posting questions as tweets
Getting Stack Overflow questions at 2018-03-16 23:30:02
Extracted 0 questions
Posting questions as tweets
Getting Stack Overflow questions at 2018-03-16 23:45:01
Extracted 0 questions
Posting questions as tweets
Getting Stack Overflow questions at 2018-03-17 00:00:01
Extracted 0 questions
Posting questions as tweets
Getting Stack Overflow questions at 2018-03-17 00:15:02
Extracted 0 questions
Posting questions as tweets
Getting Stack Overflow questions at 2018-03-17 00:30:02
Extracted 0 questions
Posting questions as tweets
Getting Stack Overflow questions at 2018-03-17 00:45:01
Extracted 0 questions
Posting questions as tweets
Getting Stack Overflow questions at 2018-03-17 01:00:02
Extracted 0 questions
Posting questions as tweets
Getting Stack Overflow questions at 2018-03-17 01:15:02
Extracted 0 questions
Posting questions as tweets
Getting Stack Overflow questions at 2018-03-17 01:30:01
Extracted 0 questions
Posting questions as tweets
Getting Stack Overflow questions at 2018-03-17 01:45:01
Extracted 0 questions
Posting questions as tweets
Getting Stack Overflow questions at 2018-03-17 02:00:02
Extracted 0 questions
Posting questions as tweets
Getting Stack Overflow questions at 2018-03-17 02:15:01
Extracted 0 questions
Posting questions as tweets
Getting Stack Overflow questions at 2018-03-17 02:30:01
Extracted 0 questions
Posting questions as tweets
Getting Stack Overflow questions at 2018-03-17 02:45:02
Extracted 0 questions
Posting questions as tweets
Getting Stack Overflow questions at 2018-03-17 03:00:01
Extracted 0 questions
Posting questions as tweets
Getting Stack Overflow questions at 2018-03-17 03:15:01
Extracted 0 questions
Posting questions as tweets
Getting Stack Overflow questions at 2018-03-17 03:30:02
Extracted 0 questions
Posting questions as tweets
Getting Stack Overflow questions at 2018-03-17 03:45:01
Extracted 0 questions
Posting questions as tweets
Getting Stack Overflow questions at 2018-03-17 04:00:01
Extracted 0 questions
Posting questions as tweets
Getting Stack Overflow questions at 2018-03-17 04:15:02
Extracted 0 questions
Posting questions as tweets
Getting Stack Overflow questions at 2018-03-17 04:30:01
Extracted 0 questions
Posting questions as tweets
Getting Stack Overflow questions at 2018-03-17 04:45:01
Extracted 0 questions
Posting questions as tweets
Getting Stack Overflow questions at 2018-03-17 05:00:02
Extracted 0 questions
Posting questions as tweets
Getting Stack Overflow questions at 2018-03-17 05:15:01
Extracted 0 questions
Posting questions as tweets
Getting Stack Overflow questions at 2018-03-17 05:30:01
Extracted 0 questions
Posting questions as tweets
Getting Stack Overflow questions at 2018-03-17 05:45:02
Extracted 0 questions
Posting questions as tweets
Getting Stack Overflow questions at 2018-03-17 06:00:01
Extracted 0 questions
Posting questions as tweets
Getting Stack Overflow questions at 2018-03-17 06:15:01
Extracted 0 questions
Posting questions as tweets
Getting Stack Overflow questions at 2018-03-17 06:30:01
Extracted 0 questions
Posting questions as tweets
Getting Stack Overflow questions at 2018-03-17 06:45:01
Extracted 0 questions
Posting questions as tweets
Getting Stack Overflow questions at 2018-03-17 07:00:02
Extracted 0 questions
Posting questions as tweets
Getting Stack Overflow questions at 2018-03-17 07:15:02
Extracted 0 questions
Posting questions as tweets
Getting Stack Overflow questions at 2018-03-17 07:30:01
Extracted 0 questions
Posting questions as tweets
Getting Stack Overflow questions at 2018-03-17 07:45:02
Extracted 0 questions
Posting questions as tweets
Getting Stack Overflow questions at 2018-03-17 08:00:02
Extracted 0 questions
Posting questions as tweets
Getting Stack Overflow questions at 2018-03-17 08:15:01
Extracted 0 questions
Posting questions as tweets
Getting Stack Overflow questions at 2018-03-17 08:30:02
Extracted 0 questions
Posting questions as tweets
Getting Stack Overflow questions at 2018-03-17 08:45:02
Extracted 0 questions
Posting questions as tweets
Getting Stack Overflow questions at 2018-03-17 09:00:01
Extracted 0 questions
Posting questions as tweets
Getting Stack Overflow questions at 2018-03-17 09:15:01
Extracted 0 questions
Posting questions as tweets
Getting Stack Overflow questions at 2018-03-17 09:30:02
Extracted 0 questions
Posting questions as tweets
Getting Stack Overflow questions at 2018-03-17 09:45:02
Extracted 0 questions
Posting questions as tweets
Getting Stack Overflow questions at 2018-03-17 10:00:01
Extracted 0 questions
Posting questions as tweets
Getting Stack Overflow questions at 2018-03-17 10:15:02
Extracted 0 questions
Posting questions as tweets
Getting Stack Overflow questions at 2018-03-17 10:30:02
Extracted 0 questions
Posting questions as tweets
Getting Stack Overflow questions at 2018-03-17 10:45:01
Extracted 0 questions
Posting questions as tweets
Getting Stack Overflow questions at 2018-03-17 11:00:01
Extracted 0 questions
Posting questions as tweets
Getting Stack Overflow questions at 2018-03-17 11:15:02
Extracted 0 questions
Posting questions as tweets
Getting Stack Overflow questions at 2018-03-17 11:30:01
Extracted 0 questions
Posting questions as tweets
Getting Stack Overflow questions at 2018-03-17 11:45:01
Extracted 0 questions
Posting questions as tweets
Getting Stack Overflow questions at 2018-03-17 12:00:02
Extracted 0 questions
Posting questions as tweets
Getting Stack Overflow questions at 2018-03-17 12:15:01
Extracted 0 questions
Posting questions as tweets
Getting Stack Overflow questions at 2018-03-17 12:30:01
Extracted 0 questions
Posting questions as tweets
Getting Stack Overflow questions at 2018-03-17 12:45:02
Extracted 0 questions
Posting questions as tweets
Getting Stack Overflow questions at 2018-03-17 13:00:01
Extracted 0 questions
Posting questions as tweets
Getting Stack Overflow questions at 2018-03-17 13:15:01
Extracted 0 questions
Posting questions as tweets
Getting Stack Overflow questions at 2018-03-17 13:30:02
Extracted 1 questions
Posting questions as tweets
your tweet has been posted!
Getting Stack Overflow questions at 2018-03-17 13:45:02
No encoding supplied: defaulting to UTF-8.
Error in FUN(X[[i]], ...) : object 'creation_date' not found
Calls: get_stack_questions ... select.data.frame -> select_vars -> map_if -> map -> lapply -> FUN
Execution halted
Getting Stack Overflow questions at 2018-03-17 14:00:02
Extracted 0 questions
Posting questions as tweets
Getting Stack Overflow questions at 2018-03-17 14:15:02
Extracted 0 questions
Posting questions as tweets
Getting Stack Overflow questions at 2018-03-17 14:30:01
Extracted 0 questions
Posting questions as tweets
Getting Stack Overflow questions at 2018-03-17 14:45:02
Extracted 0 questions
Posting questions as tweets
Getting Stack Overflow questions at 2018-03-17 15:00:02
Extracted 0 questions
Posting questions as tweets
Getting Stack Overflow questions at 2018-03-17 15:15:01
Extracted 0 questions
Posting questions as tweets
Getting Stack Overflow questions at 2018-03-17 15:30:02
Extracted 0 questions
Posting questions as tweets
Getting Stack Overflow questions at 2018-03-17 15:45:02
Extracted 0 questions
Posting questions as tweets
Getting Stack Overflow questions at 2018-03-17 16:00:01
Extracted 0 questions
Posting questions as tweets
Getting Stack Overflow questions at 2018-03-17 16:15:01
Extracted 0 questions
Posting questions as tweets
Getting Stack Overflow questions at 2018-03-17 16:30:02
Extracted 0 questions
Posting questions as tweets
Getting Stack Overflow questions at 2018-03-17 16:45:01
Extracted 0 questions
Posting questions as tweets
Getting Stack Overflow questions at 2018-03-17 17:00:01
Extracted 0 questions
Posting questions as tweets
Getting Stack Overflow questions at 2018-03-17 17:15:02
Extracted 0 questions
Posting questions as tweets
Getting Stack Overflow questions at 2018-03-17 17:30:01
Extracted 0 questions
Posting questions as tweets
Getting Stack Overflow questions at 2018-03-17 17:45:01
Extracted 0 questions
Posting questions as tweets
Getting Stack Overflow questions at 2018-03-17 18:00:02
Extracted 0 questions
Posting questions as tweets
Getting Stack Overflow questions at 2018-03-17 18:15:01
Extracted 0 questions
Posting questions as tweets
Getting Stack Overflow questions at 2018-03-17 18:30:01
Extracted 0 questions
Posting questions as tweets
Getting Stack Overflow questions at 2018-03-17 18:45:02
Extracted 0 questions
Posting questions as tweets
Getting Stack Overflow questions at 2018-03-17 19:00:02
Extracted 0 questions
Posting questions as tweets
Getting Stack Overflow questions at 2018-03-17 19:15:01
Extracted 0 questions
Posting questions as tweets
Getting Stack Overflow questions at 2018-03-17 19:30:02
Extracted 0 questions
Posting questions as tweets
Getting Stack Overflow questions at 2018-03-17 19:45:02
Extracted 0 questions
Posting questions as tweets
Getting Stack Overflow questions at 2018-03-17 20:00:01
Extracted 0 questions
Posting questions as tweets
Getting Stack Overflow questions at 2018-03-17 20:15:02
Extracted 0 questions
Posting questions as tweets
Getting Stack Overflow questions at 2018-03-17 20:30:02
Extracted 0 questions
Posting questions as tweets
Getting Stack Overflow questions at 2018-03-17 20:45:01
Extracted 0 questions
Posting questions as tweets
Getting Stack Overflow questions at 2018-03-17 21:00:02
Extracted 0 questions
Posting questions as tweets
Getting Stack Overflow questions at 2018-03-17 21:15:02
Extracted 0 questions
Posting questions as tweets
Getting Stack Overflow questions at 2018-03-17 21:30:01
Extracted 0 questions
Posting questions as tweets
Getting Stack Overflow questions at 2018-03-17 21:45:02
Extracted 0 questions
Posting questions as tweets
Getting Stack Overflow questions at 2018-03-17 22:00:02
Extracted 0 questions
Posting questions as tweets
Getting Stack Overflow questions at 2018-03-17 22:15:01
Extracted 0 questions
Posting questions as tweets
Getting Stack Overflow questions at 2018-03-17 22:30:02
Extracted 0 questions
Posting questions as tweets
Getting Stack Overflow questions at 2018-03-17 22:45:02
Extracted 0 questions
Posting questions as tweets
Getting Stack Overflow questions at 2018-03-17 23:00:01
Extracted 0 questions
Posting questions as tweets
Getting Stack Overflow questions at 2018-03-17 23:15:01
Extracted 0 questions
Posting questions as tweets
Getting Stack Overflow questions at 2018-03-17 23:30:02
Extracted 0 questions
Posting questions as tweets
Getting Stack Overflow questions at 2018-03-17 23:45:01
Extracted 0 questions
Posting questions as tweets
Getting Stack Overflow questions at 2018-03-18 00:00:01
Extracted 0 questions
Posting questions as tweets
Getting Stack Overflow questions at 2018-03-18 00:15:02
Extracted 0 questions
Posting questions as tweets
Getting Stack Overflow questions at 2018-03-18 00:30:01
Extracted 0 questions
Posting questions as tweets
Getting Stack Overflow questions at 2018-03-18 00:45:01
Extracted 0 questions
Posting questions as tweets
Getting Stack Overflow questions at 2018-03-18 01:00:02
Extracted 0 questions
Posting questions as tweets
Getting Stack Overflow questions at 2018-03-18 01:15:01
Extracted 0 questions
Posting questions as tweets
Getting Stack Overflow questions at 2018-03-18 01:30:01
Extracted 0 questions
Posting questions as tweets
Getting Stack Overflow questions at 2018-03-18 01:45:02
Extracted 0 questions
Posting questions as tweets
Getting Stack Overflow questions at 2018-03-18 02:00:02
Extracted 0 questions
Posting questions as tweets
Getting Stack Overflow questions at 2018-03-18 02:15:01
Extracted 0 questions
Posting questions as tweets
Getting Stack Overflow questions at 2018-03-18 02:30:02
Extracted 0 questions
Posting questions as tweets
Getting Stack Overflow questions at 2018-03-18 02:45:02
Extracted 0 questions
Posting questions as tweets
Getting Stack Overflow questions at 2018-03-18 03:00:01
Extracted 0 questions
Posting questions as tweets
Getting Stack Overflow questions at 2018-03-18 03:15:02
Extracted 0 questions
Posting questions as tweets
Getting Stack Overflow questions at 2018-03-18 03:30:02
Extracted 0 questions
Posting questions as tweets
Getting Stack Overflow questions at 2018-03-18 03:45:01
Extracted 0 questions
Posting questions as tweets
Getting Stack Overflow questions at 2018-03-18 04:00:02
Extracted 0 questions
Posting questions as tweets
Getting Stack Overflow questions at 2018-03-18 04:15:02
Extracted 0 questions
Posting questions as tweets
Getting Stack Overflow questions at 2018-03-18 04:30:01
Extracted 0 questions
Posting questions as tweets
Getting Stack Overflow questions at 2018-03-18 04:45:02
Extracted 0 questions
Posting questions as tweets
Getting Stack Overflow questions at 2018-03-18 05:00:02
Extracted 0 questions
Posting questions as tweets
Getting Stack Overflow questions at 2018-03-18 05:15:01
Extracted 0 questions
Posting questions as tweets
Getting Stack Overflow questions at 2018-03-18 05:30:01
Extracted 0 questions
Posting questions as tweets
Getting Stack Overflow questions at 2018-03-18 05:45:02
Extracted 0 questions
Posting questions as tweets
Getting Stack Overflow questions at 2018-03-18 06:00:01
Extracted 0 questions
Posting questions as tweets
Getting Stack Overflow questions at 2018-03-18 06:15:01
Extracted 0 questions
Posting questions as tweets
Getting Stack Overflow questions at 2018-03-18 06:30:01
Extracted 0 questions
Posting questions as tweets
Getting Stack Overflow questions at 2018-03-18 06:45:01
Extracted 0 questions
Posting questions as tweets
Getting Stack Overflow questions at 2018-03-18 07:00:01
Extracted 0 questions
Posting questions as tweets
Getting Stack Overflow questions at 2018-03-18 07:15:02
Extracted 0 questions
Posting questions as tweets
Getting Stack Overflow questions at 2018-03-18 07:30:01
Extracted 0 questions
Posting questions as tweets
Getting Stack Overflow questions at 2018-03-18 07:45:02
Extracted 0 questions
Posting questions as tweets
Getting Stack Overflow questions at 2018-03-18 08:00:01
Extracted 0 questions
Posting questions as tweets
Getting Stack Overflow questions at 2018-03-18 08:15:01
Extracted 0 questions
Posting questions as tweets
Getting Stack Overflow questions at 2018-03-18 08:30:02
Extracted 0 questions
Posting questions as tweets
Getting Stack Overflow questions at 2018-03-18 08:45:01
Extracted 0 questions
Posting questions as tweets
Getting Stack Overflow questions at 2018-03-18 09:00:01
Extracted 0 questions
Posting questions as tweets
Getting Stack Overflow questions at 2018-03-18 09:15:02
Extracted 0 questions
Posting questions as tweets
Getting Stack Overflow questions at 2018-03-18 09:30:01
Extracted 0 questions
Posting questions as tweets
Getting Stack Overflow questions at 2018-03-18 09:45:01
Extracted 0 questions
Posting questions as tweets
Getting Stack Overflow questions at 2018-03-18 10:00:02
Extracted 0 questions
Posting questions as tweets
Getting Stack Overflow questions at 2018-03-18 10:15:02
Extracted 0 questions
Posting questions as tweets
Getting Stack Overflow questions at 2018-03-18 10:30:01
Extracted 0 questions
Posting questions as tweets
Getting Stack Overflow questions at 2018-03-18 10:45:02
Extracted 0 questions
Posting questions as tweets
Getting Stack Overflow questions at 2018-03-18 11:00:02
Extracted 0 questions
Posting questions as tweets
Getting Stack Overflow questions at 2018-03-18 11:15:01
Extracted 0 questions
Posting questions as tweets
Getting Stack Overflow questions at 2018-03-18 11:30:01
Extracted 0 questions
Posting questions as tweets
Getting Stack Overflow questions at 2018-03-18 11:45:02
Extracted 0 questions
Posting questions as tweets
Getting Stack Overflow questions at 2018-03-18 12:00:01
Extracted 0 questions
Posting questions as tweets
Getting Stack Overflow questions at 2018-03-18 12:15:01
Extracted 1 questions
Posting questions as tweets
your tweet has been posted!
Getting Stack Overflow questions at 2018-03-18 12:30:01
Extracted 0 questions
Posting questions as tweets
Getting Stack Overflow questions at 2018-03-18 12:45:01
Extracted 0 questions
Posting questions as tweets
Getting Stack Overflow questions at 2018-03-18 13:00:02
Extracted 0 questions
Posting questions as tweets
Getting Stack Overflow questions at 2018-03-18 13:15:01
Extracted 0 questions
Posting questions as tweets
Getting Stack Overflow questions at 2018-03-18 13:30:02
Extracted 0 questions
Posting questions as tweets
Getting Stack Overflow questions at 2018-03-18 13:45:02
Extracted 0 questions
Posting questions as tweets
Getting Stack Overflow questions at 2018-03-18 14:00:01
Extracted 0 questions
Posting questions as tweets
Getting Stack Overflow questions at 2018-03-18 14:15:02
Extracted 0 questions
Posting questions as tweets
Getting Stack Overflow questions at 2018-03-18 14:30:02
Extracted 0 questions
Posting questions as tweets
Getting Stack Overflow questions at 2018-03-18 14:45:01
Extracted 0 questions
Posting questions as tweets
Getting Stack Overflow questions at 2018-03-18 15:00:02
Extracted 0 questions
Posting questions as tweets
Getting Stack Overflow questions at 2018-03-18 15:15:02
Extracted 0 questions
Posting questions as tweets
Getting Stack Overflow questions at 2018-03-18 15:30:01
Extracted 0 questions
Posting questions as tweets
Getting Stack Overflow questions at 2018-03-18 15:45:01
Extracted 0 questions
Posting questions as tweets
Getting Stack Overflow questions at 2018-03-18 16:00:02
Extracted 0 questions
Posting questions as tweets
Getting Stack Overflow questions at 2018-03-18 16:15:01
Extracted 0 questions
Posting questions as tweets
Getting Stack Overflow questions at 2018-03-18 16:30:02
Extracted 0 questions
Posting questions as tweets
Getting Stack Overflow questions at 2018-03-18 16:45:02
Extracted 0 questions
Posting questions as tweets
Getting Stack Overflow questions at 2018-03-18 17:00:01
Extracted 0 questions
Posting questions as tweets
Getting Stack Overflow questions at 2018-03-18 17:15:01
Extracted 0 questions
Posting questions as tweets
Getting Stack Overflow questions at 2018-03-18 17:30:02
Extracted 0 questions
Posting questions as tweets
Getting Stack Overflow questions at 2018-03-18 17:45:01
Extracted 0 questions
Posting questions as tweets
Getting Stack Overflow questions at 2018-03-18 18:00:01
Extracted 0 questions
Posting questions as tweets
Getting Stack Overflow questions at 2018-03-18 18:15:02
Extracted 0 questions
Posting questions as tweets
Getting Stack Overflow questions at 2018-03-18 18:30:01
Extracted 0 questions
Posting questions as tweets
Getting Stack Overflow questions at 2018-03-18 18:45:01
Extracted 0 questions
Posting questions as tweets
Getting Stack Overflow questions at 2018-03-18 19:00:03
Extracted 0 questions
Posting questions as tweets
Getting Stack Overflow questions at 2018-03-18 19:15:02
Extracted 0 questions
Posting questions as tweets
Getting Stack Overflow questions at 2018-03-18 19:30:01
Extracted 0 questions
Posting questions as tweets
Getting Stack Overflow questions at 2018-03-18 19:45:02
Extracted 0 questions
Posting questions as tweets
Getting Stack Overflow questions at 2018-03-18 20:00:01
Extracted 0 questions
Posting questions as tweets
Getting Stack Overflow questions at 2018-03-18 20:15:01
Extracted 0 questions
Posting questions as tweets
Getting Stack Overflow questions at 2018-03-18 20:30:02
Extracted 0 questions
Posting questions as tweets
Getting Stack Overflow questions at 2018-03-18 20:45:02
Extracted 0 questions
Posting questions as tweets
Getting Stack Overflow questions at 2018-03-18 21:00:02
Extracted 0 questions
Posting questions as tweets
Getting Stack Overflow questions at 2018-03-18 21:15:01
Extracted 0 questions
Posting questions as tweets
Getting Stack Overflow questions at 2018-03-18 21:30:02
Extracted 0 questions
Posting questions as tweets
Getting Stack Overflow questions at 2018-03-18 21:45:02
Extracted 1 questions
Posting questions as tweets
your tweet has been posted!
Getting Stack Overflow questions at 2018-03-18 22:00:02
Extracted 0 questions
Posting questions as tweets
Getting Stack Overflow questions at 2018-03-18 22:15:02
Extracted 0 questions
Posting questions as tweets
Getting Stack Overflow questions at 2018-03-18 22:30:01
Extracted 0 questions
Posting questions as tweets
Getting Stack Overflow questions at 2018-03-18 22:45:02
Extracted 0 questions
Posting questions as tweets
Getting Stack Overflow questions at 2018-03-18 23:00:02
Extracted 0 questions
Posting questions as tweets
Getting Stack Overflow questions at 2018-03-18 23:15:01
Extracted 0 questions
Posting questions as tweets
Getting Stack Overflow questions at 2018-03-18 23:30:02
Extracted 0 questions
Posting questions as tweets
Getting Stack Overflow questions at 2018-03-18 23:45:02
Extracted 0 questions
Posting questions as tweets
Getting Stack Overflow questions at 2018-03-19 00:00:01
Extracted 0 questions
Posting questions as tweets
Getting Stack Overflow questions at 2018-03-19 00:15:02
Extracted 0 questions
Posting questions as tweets
Getting Stack Overflow questions at 2018-03-19 00:30:02
Extracted 0 questions
Posting questions as tweets
Getting Stack Overflow questions at 2018-03-19 00:45:01
Extracted 0 questions
Posting questions as tweets
Getting Stack Overflow questions at 2018-03-19 01:00:02
Extracted 0 questions
Posting questions as tweets
Getting Stack Overflow questions at 2018-03-19 01:15:02
Extracted 0 questions
Posting questions as tweets
Getting Stack Overflow questions at 2018-03-19 01:30:01
Extracted 0 questions
Posting questions as tweets
Getting Stack Overflow questions at 2018-03-19 01:45:02
Extracted 0 questions
Posting questions as tweets
Getting Stack Overflow questions at 2018-03-19 02:00:01
Extracted 0 questions
Posting questions as tweets
Getting Stack Overflow questions at 2018-03-19 02:15:01
Extracted 0 questions
Posting questions as tweets
Getting Stack Overflow questions at 2018-03-19 02:30:02
Extracted 0 questions
Posting questions as tweets
Getting Stack Overflow questions at 2018-03-19 02:45:01
Extracted 0 questions
Posting questions as tweets
Getting Stack Overflow questions at 2018-03-19 03:00:01
Extracted 0 questions
Posting questions as tweets
Getting Stack Overflow questions at 2018-03-19 03:15:02
Extracted 0 questions
Posting questions as tweets
Getting Stack Overflow questions at 2018-03-19 03:30:01
Extracted 0 questions
Posting questions as tweets
Getting Stack Overflow questions at 2018-03-19 03:45:01
Extracted 0 questions
Posting questions as tweets
Getting Stack Overflow questions at 2018-03-19 04:00:02
Extracted 0 questions
Posting questions as tweets
Getting Stack Overflow questions at 2018-03-19 04:15:01
Extracted 0 questions
Posting questions as tweets
Getting Stack Overflow questions at 2018-03-19 04:30:01
Extracted 0 questions
Posting questions as tweets
Getting Stack Overflow questions at 2018-03-19 04:45:02
Extracted 0 questions
Posting questions as tweets
Getting Stack Overflow questions at 2018-03-19 05:00:01
Extracted 0 questions
Posting questions as tweets
Getting Stack Overflow questions at 2018-03-19 05:15:02
Extracted 0 questions
Posting questions as tweets
Getting Stack Overflow questions at 2018-03-19 05:30:02
Extracted 0 questions
Posting questions as tweets
Getting Stack Overflow questions at 2018-03-19 05:45:01
Extracted 0 questions
Posting questions as tweets
Getting Stack Overflow questions at 2018-03-19 06:00:02
Extracted 0 questions
Posting questions as tweets
Getting Stack Overflow questions at 2018-03-19 06:15:02
Extracted 0 questions
Posting questions as tweets
Getting Stack Overflow questions at 2018-03-19 06:30:01
Extracted 0 questions
Posting questions as tweets
Getting Stack Overflow questions at 2018-03-19 06:45:01
Extracted 0 questions
Posting questions as tweets
Getting Stack Overflow questions at 2018-03-19 07:00:02
Extracted 0 questions
Posting questions as tweets
Getting Stack Overflow questions at 2018-03-19 07:15:02
Extracted 0 questions
Posting questions as tweets
Getting Stack Overflow questions at 2018-03-19 07:30:01
Extracted 0 questions
Posting questions as tweets
Getting Stack Overflow questions at 2018-03-19 07:45:02
Extracted 0 questions
Posting questions as tweets
Getting Stack Overflow questions at 2018-03-19 08:00:01
Extracted 0 questions
Posting questions as tweets
Getting Stack Overflow questions at 2018-03-19 08:15:01
Extracted 0 questions
Posting questions as tweets
Getting Stack Overflow questions at 2018-03-19 08:30:02
Extracted 0 questions
Posting questions as tweets
Getting Stack Overflow questions at 2018-03-19 08:45:01
Extracted 0 questions
Posting questions as tweets
Getting Stack Overflow questions at 2018-03-19 09:00:01
Extracted 0 questions
Posting questions as tweets
Getting Stack Overflow questions at 2018-03-19 09:15:02
Extracted 0 questions
Posting questions as tweets
Getting Stack Overflow questions at 2018-03-19 09:30:01
Extracted 0 questions
Posting questions as tweets
Getting Stack Overflow questions at 2018-03-19 09:45:02
Extracted 0 questions
Posting questions as tweets
Getting Stack Overflow questions at 2018-03-19 10:00:01
Extracted 0 questions
Posting questions as tweets
Getting Stack Overflow questions at 2018-03-19 10:15:01
Extracted 0 questions
Posting questions as tweets
Getting Stack Overflow questions at 2018-03-19 10:30:02
Extracted 0 questions
Posting questions as tweets
Getting Stack Overflow questions at 2018-03-19 10:45:02
Extracted 0 questions
Posting questions as tweets
Getting Stack Overflow questions at 2018-03-19 11:00:01
Extracted 0 questions
Posting questions as tweets
Getting Stack Overflow questions at 2018-03-19 11:15:02
Extracted 0 questions
Posting questions as tweets
Getting Stack Overflow questions at 2018-03-19 11:30:02
Extracted 0 questions
Posting questions as tweets
Getting Stack Overflow questions at 2018-03-19 11:45:01
Extracted 0 questions
Posting questions as tweets
Getting Stack Overflow questions at 2018-03-19 12:00:02
Extracted 0 questions
Posting questions as tweets
Getting Stack Overflow questions at 2018-03-19 12:15:02
Extracted 0 questions
Posting questions as tweets
Getting Stack Overflow questions at 2018-03-19 12:30:01
Extracted 0 questions
Posting questions as tweets
Getting Stack Overflow questions at 2018-03-19 12:45:02
Extracted 0 questions
Posting questions as tweets
Getting Stack Overflow questions at 2018-03-19 13:00:02
Extracted 0 questions
Posting questions as tweets
Getting Stack Overflow questions at 2018-03-19 13:15:01
Extracted 0 questions
Posting questions as tweets
Getting Stack Overflow questions at 2018-03-19 13:30:02
Extracted 0 questions
Posting questions as tweets
Getting Stack Overflow questions at 2018-03-19 13:45:02
Extracted 0 questions
Posting questions as tweets
Getting Stack Overflow questions at 2018-03-19 14:00:01
Extracted 0 questions
Posting questions as tweets
Getting Stack Overflow questions at 2018-03-19 14:15:01
Extracted 0 questions
Posting questions as tweets
Getting Stack Overflow questions at 2018-03-19 14:30:02
Extracted 0 questions
Posting questions as tweets
Getting Stack Overflow questions at 2018-03-19 14:45:01
Extracted 0 questions
Posting questions as tweets
Getting Stack Overflow questions at 2018-03-19 15:00:01
Extracted 0 questions
Posting questions as tweets
Getting Stack Overflow questions at 2018-03-19 15:15:02
Extracted 0 questions
Posting questions as tweets
Getting Stack Overflow questions at 2018-03-19 15:30:02
Extracted 0 questions
Posting questions as tweets
Getting Stack Overflow questions at 2018-03-19 15:45:01
Extracted 0 questions
Posting questions as tweets
Getting Stack Overflow questions at 2018-03-19 16:00:01
Extracted 0 questions
Posting questions as tweets
Getting Stack Overflow questions at 2018-03-19 16:15:02
Extracted 0 questions
Posting questions as tweets
Getting Stack Overflow questions at 2018-03-19 16:30:01
Extracted 0 questions
Posting questions as tweets
Getting Stack Overflow questions at 2018-03-19 16:45:01
Extracted 0 questions
Posting questions as tweets
Getting Stack Overflow questions at 2018-03-19 17:00:02
Extracted 1 questions
Posting questions as tweets
your tweet has been posted!
Getting Stack Overflow questions at 2018-03-19 17:15:02
Extracted 0 questions
Posting questions as tweets
Getting Stack Overflow questions at 2018-03-19 17:30:01
Extracted 0 questions
Posting questions as tweets
Getting Stack Overflow questions at 2018-03-19 17:45:01
Extracted 0 questions
Posting questions as tweets
Getting Stack Overflow questions at 2018-03-19 18:00:02
Extracted 0 questions
Posting questions as tweets
Getting Stack Overflow questions at 2018-03-19 18:15:01
Extracted 0 questions
Posting questions as tweets
Getting Stack Overflow questions at 2018-03-19 18:30:01
Extracted 0 questions
Posting questions as tweets
Getting Stack Overflow questions at 2018-03-19 18:45:02
Extracted 0 questions
Posting questions as tweets
Getting Stack Overflow questions at 2018-03-19 19:00:01
Extracted 0 questions
Posting questions as tweets
Getting Stack Overflow questions at 2018-03-19 19:15:01
Extracted 0 questions
Posting questions as tweets
Getting Stack Overflow questions at 2018-03-19 19:30:02
Extracted 0 questions
Posting questions as tweets
Getting Stack Overflow questions at 2018-03-19 19:45:01
Extracted 0 questions
Posting questions as tweets
Getting Stack Overflow questions at 2018-03-19 20:00:02
Extracted 0 questions
Posting questions as tweets
Getting Stack Overflow questions at 2018-03-19 20:15:02
Extracted 0 questions
Posting questions as tweets
Getting Stack Overflow questions at 2018-03-19 20:30:01
Extracted 0 questions
Posting questions as tweets
Getting Stack Overflow questions at 2018-03-19 20:45:02
Extracted 0 questions
Posting questions as tweets
Getting Stack Overflow questions at 2018-03-19 21:00:02
Extracted 0 questions
Posting questions as tweets
Getting Stack Overflow questions at 2018-03-19 21:15:01
Extracted 0 questions
Posting questions as tweets
Getting Stack Overflow questions at 2018-03-19 21:30:02
Extracted 0 questions
Posting questions as tweets
Getting Stack Overflow questions at 2018-03-19 21:45:02
Extracted 0 questions
Posting questions as tweets
Getting Stack Overflow questions at 2018-03-19 22:00:01
Extracted 0 questions
Posting questions as tweets
Getting Stack Overflow questions at 2018-03-19 22:15:01
Extracted 0 questions
Posting questions as tweets
Getting Stack Overflow questions at 2018-03-19 22:30:02
Extracted 0 questions
Posting questions as tweets
Getting Stack Overflow questions at 2018-03-19 22:45:01
Extracted 0 questions
Posting questions as tweets
Getting Stack Overflow questions at 2018-03-19 23:00:01
Extracted 0 questions
Posting questions as tweets
Getting Stack Overflow questions at 2018-03-19 23:15:02
Extracted 0 questions
Posting questions as tweets
Getting Stack Overflow questions at 2018-03-19 23:30:01
Extracted 0 questions
Posting questions as tweets
Getting Stack Overflow questions at 2018-03-19 23:45:01
Extracted 0 questions
Posting questions as tweets
Getting Stack Overflow questions at 2018-03-20 00:00:02
Extracted 0 questions
Posting questions as tweets
Getting Stack Overflow questions at 2018-03-20 00:15:01
Extracted 0 questions
Posting questions as tweets
Getting Stack Overflow questions at 2018-03-20 00:30:02
Extracted 0 questions
Posting questions as tweets
Getting Stack Overflow questions at 2018-03-20 00:45:02
Extracted 0 questions
Posting questions as tweets
Getting Stack Overflow questions at 2018-03-20 01:00:01
Extracted 0 questions
Posting questions as tweets
Getting Stack Overflow questions at 2018-03-20 01:15:01
Extracted 0 questions
Posting questions as tweets
Getting Stack Overflow questions at 2018-03-20 01:30:02
Extracted 0 questions
Posting questions as tweets
Getting Stack Overflow questions at 2018-03-20 01:45:01
Extracted 0 questions
Posting questions as tweets
Getting Stack Overflow questions at 2018-03-20 02:00:01
Extracted 0 questions
Posting questions as tweets
Getting Stack Overflow questions at 2018-03-20 02:15:02
Extracted 0 questions
Posting questions as tweets
Getting Stack Overflow questions at 2018-03-20 02:30:01
Extracted 0 questions
Posting questions as tweets
Getting Stack Overflow questions at 2018-03-20 02:45:01
Extracted 0 questions
Posting questions as tweets
Getting Stack Overflow questions at 2018-03-20 03:00:02
Extracted 0 questions
Posting questions as tweets
Getting Stack Overflow questions at 2018-03-20 03:15:01
Extracted 0 questions
Posting questions as tweets
Getting Stack Overflow questions at 2018-03-20 03:30:01
Extracted 0 questions
Posting questions as tweets
Getting Stack Overflow questions at 2018-03-20 03:45:02
Extracted 0 questions
Posting questions as tweets
Getting Stack Overflow questions at 2018-03-20 04:00:02
Extracted 0 questions
Posting questions as tweets
Getting Stack Overflow questions at 2018-03-20 04:15:01
Extracted 0 questions
Posting questions as tweets
Getting Stack Overflow questions at 2018-03-20 04:30:02
Extracted 0 questions
Posting questions as tweets
Getting Stack Overflow questions at 2018-03-20 04:45:02
Extracted 0 questions
Posting questions as tweets
Getting Stack Overflow questions at 2018-03-20 05:00:01
Extracted 0 questions
Posting questions as tweets
Getting Stack Overflow questions at 2018-03-20 05:15:02
Extracted 0 questions
Posting questions as tweets
Getting Stack Overflow questions at 2018-03-20 05:30:02
Extracted 0 questions
Posting questions as tweets
Getting Stack Overflow questions at 2018-03-20 05:45:01
Extracted 0 questions
Posting questions as tweets
Getting Stack Overflow questions at 2018-03-20 06:00:02
Extracted 0 questions
Posting questions as tweets
Getting Stack Overflow questions at 2018-03-20 06:15:02
Extracted 0 questions
Posting questions as tweets
Getting Stack Overflow questions at 2018-03-20 06:30:01
Extracted 0 questions
Posting questions as tweets
Getting Stack Overflow questions at 2018-03-20 06:45:01
Extracted 0 questions
Posting questions as tweets
Getting Stack Overflow questions at 2018-03-20 07:00:02
Extracted 0 questions
Posting questions as tweets
Getting Stack Overflow questions at 2018-03-20 07:15:02
Extracted 0 questions
Posting questions as tweets
Getting Stack Overflow questions at 2018-03-20 07:30:01
Extracted 0 questions
Posting questions as tweets
Getting Stack Overflow questions at 2018-03-20 07:45:02
Extracted 0 questions
Posting questions as tweets
Getting Stack Overflow questions at 2018-03-20 08:00:01
Extracted 0 questions
Posting questions as tweets
Getting Stack Overflow questions at 2018-03-20 08:15:02
Extracted 0 questions
Posting questions as tweets
Getting Stack Overflow questions at 2018-03-20 08:30:02
Extracted 0 questions
Posting questions as tweets
Getting Stack Overflow questions at 2018-03-20 08:45:01
Extracted 0 questions
Posting questions as tweets
Getting Stack Overflow questions at 2018-03-20 09:00:02
Extracted 0 questions
Posting questions as tweets
Getting Stack Overflow questions at 2018-03-20 09:15:02
Extracted 0 questions
Posting questions as tweets
Getting Stack Overflow questions at 2018-03-20 09:30:01
Extracted 0 questions
Posting questions as tweets
Getting Stack Overflow questions at 2018-03-20 09:45:02
Extracted 0 questions
Posting questions as tweets
Getting Stack Overflow questions at 2018-03-20 10:00:02
Extracted 0 questions
Posting questions as tweets
Getting Stack Overflow questions at 2018-03-20 10:15:01
Extracted 0 questions
Posting questions as tweets
Getting Stack Overflow questions at 2018-03-20 10:30:02
Extracted 0 questions
Posting questions as tweets
Getting Stack Overflow questions at 2018-03-20 10:45:02
Extracted 0 questions
Posting questions as tweets
Getting Stack Overflow questions at 2018-03-20 11:00:01
Extracted 0 questions
Posting questions as tweets
Getting Stack Overflow questions at 2018-03-20 11:15:02
Extracted 0 questions
Posting questions as tweets
Getting Stack Overflow questions at 2018-03-20 11:30:02
Extracted 0 questions
Posting questions as tweets
Getting Stack Overflow questions at 2018-03-20 11:45:01
Extracted 0 questions
Posting questions as tweets
Getting Stack Overflow questions at 2018-03-20 12:00:02
Extracted 0 questions
Posting questions as tweets
Getting Stack Overflow questions at 2018-03-20 12:15:02
Extracted 0 questions
Posting questions as tweets
Getting Stack Overflow questions at 2018-03-20 12:30:01
Extracted 0 questions
Posting questions as tweets
Getting Stack Overflow questions at 2018-03-20 12:45:02
Extracted 0 questions
Posting questions as tweets
Getting Stack Overflow questions at 2018-03-20 13:00:01
Extracted 0 questions
Posting questions as tweets
Getting Stack Overflow questions at 2018-03-20 13:15:01
Extracted 0 questions
Posting questions as tweets
Getting Stack Overflow questions at 2018-03-20 13:30:02
Extracted 0 questions
Posting questions as tweets
Getting Stack Overflow questions at 2018-03-20 13:45:01
Extracted 0 questions
Posting questions as tweets
Getting Stack Overflow questions at 2018-03-20 14:00:01
Extracted 0 questions
Posting questions as tweets
Getting Stack Overflow questions at 2018-03-20 14:15:02
Extracted 0 questions
Posting questions as tweets
Getting Stack Overflow questions at 2018-03-20 14:30:01
Extracted 0 questions
Posting questions as tweets
Getting Stack Overflow questions at 2018-03-20 14:45:02
Extracted 0 questions
Posting questions as tweets
Getting Stack Overflow questions at 2018-03-20 15:00:02
Extracted 0 questions
Posting questions as tweets
Getting Stack Overflow questions at 2018-03-20 15:15:01
Extracted 0 questions
Posting questions as tweets
Getting Stack Overflow questions at 2018-03-20 15:30:02
Extracted 0 questions
Posting questions as tweets
Getting Stack Overflow questions at 2018-03-20 15:45:01
Extracted 0 questions
Posting questions as tweets
Getting Stack Overflow questions at 2018-03-20 16:00:01
Extracted 0 questions
Posting questions as tweets
Getting Stack Overflow questions at 2018-03-20 16:15:02
Extracted 0 questions
Posting questions as tweets
Getting Stack Overflow questions at 2018-03-20 16:30:01
Extracted 0 questions
Posting questions as tweets
Getting Stack Overflow questions at 2018-03-20 16:45:01
Extracted 0 questions
Posting questions as tweets
Getting Stack Overflow questions at 2018-03-20 17:00:02
Extracted 0 questions
Posting questions as tweets
Getting Stack Overflow questions at 2018-03-20 17:15:01
Extracted 0 questions
Posting questions as tweets
Getting Stack Overflow questions at 2018-03-20 17:30:01
Extracted 0 questions
Posting questions as tweets
Getting Stack Overflow questions at 2018-03-20 17:45:02
Extracted 0 questions
Posting questions as tweets
Getting Stack Overflow questions at 2018-03-20 18:00:01
Extracted 0 questions
Posting questions as tweets
Getting Stack Overflow questions at 2018-03-20 18:15:01
Extracted 0 questions
Posting questions as tweets
Getting Stack Overflow questions at 2018-03-20 18:30:02
Extracted 0 questions
Posting questions as tweets
Getting Stack Overflow questions at 2018-03-20 18:45:01
Extracted 1 questions
Posting questions as tweets
your tweet has been posted!
Getting Stack Overflow questions at 2018-03-20 19:00:02
Extracted 0 questions
Posting questions as tweets
Getting Stack Overflow questions at 2018-03-20 19:15:01
Extracted 0 questions
Posting questions as tweets
Getting Stack Overflow questions at 2018-03-20 19:30:02
Extracted 0 questions
Posting questions as tweets
Getting Stack Overflow questions at 2018-03-20 19:45:01
Extracted 0 questions
Posting questions as tweets
Getting Stack Overflow questions at 2018-03-20 20:00:01
Extracted 0 questions
Posting questions as tweets
Getting Stack Overflow questions at 2018-03-20 20:15:02
Extracted 1 questions
Posting questions as tweets
your tweet has been posted!
Getting Stack Overflow questions at 2018-03-20 20:30:02
Extracted 0 questions
Posting questions as tweets
Getting Stack Overflow questions at 2018-03-20 20:45:02
Extracted 0 questions
Posting questions as tweets
Getting Stack Overflow questions at 2018-03-20 21:00:01
Extracted 0 questions
Posting questions as tweets
Getting Stack Overflow questions at 2018-03-20 21:15:02
Extracted 0 questions
Posting questions as tweets
Getting Stack Overflow questions at 2018-03-20 21:30:02
Extracted 0 questions
Posting questions as tweets
Getting Stack Overflow questions at 2018-03-20 21:45:01
Extracted 0 questions
Posting questions as tweets
Getting Stack Overflow questions at 2018-03-20 22:00:01
Extracted 0 questions
Posting questions as tweets
Getting Stack Overflow questions at 2018-03-20 22:15:02
Extracted 0 questions
Posting questions as tweets
Getting Stack Overflow questions at 2018-03-20 22:30:01
Extracted 0 questions
Posting questions as tweets
Getting Stack Overflow questions at 2018-03-20 22:45:01
Extracted 0 questions
Posting questions as tweets
Getting Stack Overflow questions at 2018-03-20 23:00:02
Extracted 0 questions
Posting questions as tweets
Getting Stack Overflow questions at 2018-03-20 23:15:01
Extracted 0 questions
Posting questions as tweets
Getting Stack Overflow questions at 2018-03-20 23:30:02
Extracted 0 questions
Posting questions as tweets
Getting Stack Overflow questions at 2018-03-20 23:45:02
Extracted 0 questions
Posting questions as tweets
Getting Stack Overflow questions at 2018-03-21 00:00:01
Extracted 0 questions
Posting questions as tweets
Getting Stack Overflow questions at 2018-03-21 00:15:02
Extracted 0 questions
Posting questions as tweets
Getting Stack Overflow questions at 2018-03-21 00:30:02
Extracted 0 questions
Posting questions as tweets
Getting Stack Overflow questions at 2018-03-21 00:45:01
Extracted 0 questions
Posting questions as tweets
Getting Stack Overflow questions at 2018-03-21 01:00:01
Extracted 0 questions
Posting questions as tweets
Getting Stack Overflow questions at 2018-03-21 01:15:02
Extracted 0 questions
Posting questions as tweets
Getting Stack Overflow questions at 2018-03-21 01:30:01
Extracted 0 questions
Posting questions as tweets
Getting Stack Overflow questions at 2018-03-21 01:45:01
Extracted 0 questions
Posting questions as tweets
Getting Stack Overflow questions at 2018-03-21 02:00:02
Extracted 0 questions
Posting questions as tweets
Getting Stack Overflow questions at 2018-03-21 02:15:01
Extracted 0 questions
Posting questions as tweets
Getting Stack Overflow questions at 2018-03-21 02:30:01
Extracted 0 questions
Posting questions as tweets
Getting Stack Overflow questions at 2018-03-21 02:45:02
Extracted 0 questions
Posting questions as tweets
Getting Stack Overflow questions at 2018-03-21 03:00:02
Extracted 0 questions
Posting questions as tweets
Getting Stack Overflow questions at 2018-03-21 03:15:01
Extracted 0 questions
Posting questions as tweets
Getting Stack Overflow questions at 2018-03-21 03:30:02
Extracted 0 questions
Posting questions as tweets
Getting Stack Overflow questions at 2018-03-21 03:45:02
Extracted 0 questions
Posting questions as tweets
Getting Stack Overflow questions at 2018-03-21 04:00:01
Extracted 0 questions
Posting questions as tweets
Getting Stack Overflow questions at 2018-03-21 04:15:02
Extracted 0 questions
Posting questions as tweets
Getting Stack Overflow questions at 2018-03-21 04:30:02
Extracted 0 questions
Posting questions as tweets
Getting Stack Overflow questions at 2018-03-21 04:45:01
Extracted 0 questions
Posting questions as tweets
Getting Stack Overflow questions at 2018-03-21 05:00:02
Extracted 0 questions
Posting questions as tweets
Getting Stack Overflow questions at 2018-03-21 05:15:02
Extracted 0 questions
Posting questions as tweets
Getting Stack Overflow questions at 2018-03-21 05:30:01
Extracted 0 questions
Posting questions as tweets
Getting Stack Overflow questions at 2018-03-21 05:45:02
Extracted 0 questions
Posting questions as tweets
Getting Stack Overflow questions at 2018-03-21 06:00:02
Extracted 0 questions
Posting questions as tweets
Getting Stack Overflow questions at 2018-03-21 06:15:01
Extracted 0 questions
Posting questions as tweets
Getting Stack Overflow questions at 2018-03-21 06:30:01
Extracted 0 questions
Posting questions as tweets
Getting Stack Overflow questions at 2018-03-21 06:45:02
Extracted 0 questions
Posting questions as tweets
Getting Stack Overflow questions at 2018-03-21 07:00:02
Extracted 0 questions
Posting questions as tweets
Getting Stack Overflow questions at 2018-03-21 07:15:01
Extracted 0 questions
Posting questions as tweets
Getting Stack Overflow questions at 2018-03-21 07:30:01
Extracted 0 questions
Posting questions as tweets
Getting Stack Overflow questions at 2018-03-21 07:45:02
Extracted 0 questions
Posting questions as tweets
Getting Stack Overflow questions at 2018-03-21 08:00:01
Extracted 0 questions
Posting questions as tweets
Getting Stack Overflow questions at 2018-03-21 08:15:01
Extracted 0 questions
Posting questions as tweets
Getting Stack Overflow questions at 2018-03-21 08:30:02
Extracted 0 questions
Posting questions as tweets
Getting Stack Overflow questions at 2018-03-21 08:45:01
Extracted 0 questions
Posting questions as tweets
Getting Stack Overflow questions at 2018-03-21 09:00:01
Extracted 0 questions
Posting questions as tweets
Getting Stack Overflow questions at 2018-03-21 09:15:02
Extracted 0 questions
Posting questions as tweets
Getting Stack Overflow questions at 2018-03-21 09:30:01
Extracted 0 questions
Posting questions as tweets
Getting Stack Overflow questions at 2018-03-21 09:45:01
Extracted 0 questions
Posting questions as tweets
Getting Stack Overflow questions at 2018-03-21 10:00:02
Extracted 0 questions
Posting questions as tweets
Getting Stack Overflow questions at 2018-03-21 10:15:02
Extracted 0 questions
Posting questions as tweets
Getting Stack Overflow questions at 2018-03-21 10:30:02
Extracted 1 questions
Posting questions as tweets
your tweet has been posted!
Getting Stack Overflow questions at 2018-03-21 10:45:02
Extracted 0 questions
Posting questions as tweets
Getting Stack Overflow questions at 2018-03-21 11:00:02
Extracted 0 questions
Posting questions as tweets
Getting Stack Overflow questions at 2018-03-21 11:15:01
Extracted 0 questions
Posting questions as tweets
Getting Stack Overflow questions at 2018-03-21 11:30:02
Extracted 0 questions
Posting questions as tweets
Getting Stack Overflow questions at 2018-03-21 11:45:02
Extracted 0 questions
Posting questions as tweets
Getting Stack Overflow questions at 2018-03-21 12:00:01
Extracted 0 questions
Posting questions as tweets
Getting Stack Overflow questions at 2018-03-21 12:15:02
Extracted 0 questions
Posting questions as tweets
Getting Stack Overflow questions at 2018-03-21 12:30:02
Extracted 0 questions
Posting questions as tweets
Getting Stack Overflow questions at 2018-03-21 12:45:01
Extracted 0 questions
Posting questions as tweets
Getting Stack Overflow questions at 2018-03-21 13:00:02
Extracted 0 questions
Posting questions as tweets
Getting Stack Overflow questions at 2018-03-21 13:15:01
Extracted 0 questions
Posting questions as tweets
Getting Stack Overflow questions at 2018-03-21 13:30:01
Extracted 0 questions
Posting questions as tweets
Getting Stack Overflow questions at 2018-03-21 13:45:02
Extracted 0 questions
Posting questions as tweets
Getting Stack Overflow questions at 2018-03-21 14:00:01
Extracted 0 questions
Posting questions as tweets
Getting Stack Overflow questions at 2018-03-21 14:15:01
Extracted 0 questions
Posting questions as tweets
Getting Stack Overflow questions at 2018-03-21 14:30:02
Extracted 0 questions
Posting questions as tweets
Getting Stack Overflow questions at 2018-03-21 14:45:01
Extracted 0 questions
Posting questions as tweets
Getting Stack Overflow questions at 2018-03-21 15:00:01
Extracted 0 questions
Posting questions as tweets
Getting Stack Overflow questions at 2018-03-21 15:15:02
Extracted 0 questions
Posting questions as tweets
Getting Stack Overflow questions at 2018-03-21 15:30:01
Extracted 0 questions
Posting questions as tweets
Getting Stack Overflow questions at 2018-03-21 15:45:01
Extracted 0 questions
Posting questions as tweets
Getting Stack Overflow questions at 2018-03-21 16:00:02
Extracted 0 questions
Posting questions as tweets
Getting Stack Overflow questions at 2018-03-21 16:15:01
Extracted 1 questions
Posting questions as tweets
your tweet has been posted!
Getting Stack Overflow questions at 2018-03-21 16:30:01
Extracted 0 questions
Posting questions as tweets
Getting Stack Overflow questions at 2018-03-21 16:45:01
Extracted 0 questions
Posting questions as tweets
Getting Stack Overflow questions at 2018-03-21 17:00:02
Extracted 0 questions
Posting questions as tweets
Getting Stack Overflow questions at 2018-03-21 17:15:01
Extracted 0 questions
Posting questions as tweets
Getting Stack Overflow questions at 2018-03-21 17:30:01
Extracted 0 questions
Posting questions as tweets
Getting Stack Overflow questions at 2018-03-21 17:45:02
Extracted 0 questions
Posting questions as tweets
Getting Stack Overflow questions at 2018-03-21 18:00:01
Extracted 0 questions
Posting questions as tweets
Getting Stack Overflow questions at 2018-03-21 18:15:01
Extracted 1 questions
Posting questions as tweets
your tweet has been posted!
Getting Stack Overflow questions at 2018-03-21 18:30:01
Extracted 0 questions
Posting questions as tweets
Getting Stack Overflow questions at 2018-03-21 18:45:02
Extracted 2 questions
Posting questions as tweets
your tweet has been posted!
your tweet has been posted!
Getting Stack Overflow questions at 2018-03-21 19:00:02
Extracted 0 questions
Posting questions as tweets
Getting Stack Overflow questions at 2018-03-21 19:15:01
Extracted 0 questions
Posting questions as tweets
Getting Stack Overflow questions at 2018-03-21 19:30:02
Extracted 0 questions
Posting questions as tweets
Getting Stack Overflow questions at 2018-03-21 19:45:02
Extracted 0 questions
Posting questions as tweets
Getting Stack Overflow questions at 2018-03-21 20:00:01
Extracted 0 questions
Posting questions as tweets
Getting Stack Overflow questions at 2018-03-21 20:15:02
Extracted 0 questions
Posting questions as tweets
Getting Stack Overflow questions at 2018-03-21 20:30:02
Extracted 0 questions
Posting questions as tweets
Getting Stack Overflow questions at 2018-03-21 20:45:01
Extracted 0 questions
Posting questions as tweets
Getting Stack Overflow questions at 2018-03-21 21:00:02
Extracted 0 questions
Posting questions as tweets
Getting Stack Overflow questions at 2018-03-21 21:15:02
Extracted 0 questions
Posting questions as tweets
Getting Stack Overflow questions at 2018-03-21 21:30:01
Extracted 0 questions
Posting questions as tweets
Getting Stack Overflow questions at 2018-03-21 21:45:02
Extracted 0 questions
Posting questions as tweets
Getting Stack Overflow questions at 2018-03-21 22:00:02
Extracted 0 questions
Posting questions as tweets
Getting Stack Overflow questions at 2018-03-21 22:15:01
Extracted 0 questions
Posting questions as tweets
Getting Stack Overflow questions at 2018-03-21 22:30:02
Extracted 0 questions
Posting questions as tweets
Getting Stack Overflow questions at 2018-03-21 22:45:02
Extracted 0 questions
Posting questions as tweets
Getting Stack Overflow questions at 2018-03-21 23:00:01
Extracted 0 questions
Posting questions as tweets
Getting Stack Overflow questions at 2018-03-21 23:15:02
Extracted 1 questions
Posting questions as tweets
your tweet has been posted!
Getting Stack Overflow questions at 2018-03-21 23:30:02
Extracted 0 questions
Posting questions as tweets
Getting Stack Overflow questions at 2018-03-21 23:45:02
Extracted 0 questions
Posting questions as tweets
Getting Stack Overflow questions at 2018-03-22 00:00:01
Extracted 0 questions
Posting questions as tweets
Getting Stack Overflow questions at 2018-03-22 00:15:01
Extracted 0 questions
Posting questions as tweets
Getting Stack Overflow questions at 2018-03-22 00:30:02
Extracted 0 questions
Posting questions as tweets
Getting Stack Overflow questions at 2018-03-22 00:45:01
Extracted 0 questions
Posting questions as tweets
Getting Stack Overflow questions at 2018-03-22 01:00:02
Extracted 0 questions
Posting questions as tweets
Getting Stack Overflow questions at 2018-03-22 01:15:02
Extracted 0 questions
Posting questions as tweets
Getting Stack Overflow questions at 2018-03-22 01:30:01
Extracted 0 questions
Posting questions as tweets
Getting Stack Overflow questions at 2018-03-22 01:45:02
Extracted 0 questions
Posting questions as tweets
Getting Stack Overflow questions at 2018-03-22 02:00:02
Extracted 0 questions
Posting questions as tweets
Getting Stack Overflow questions at 2018-03-22 02:15:01
Extracted 0 questions
Posting questions as tweets
Getting Stack Overflow questions at 2018-03-22 02:30:02
Extracted 0 questions
Posting questions as tweets
Getting Stack Overflow questions at 2018-03-22 02:45:02
Extracted 0 questions
Posting questions as tweets
Getting Stack Overflow questions at 2018-03-22 03:00:01
Extracted 0 questions
Posting questions as tweets
Getting Stack Overflow questions at 2018-03-22 03:15:01
Extracted 0 questions
Posting questions as tweets
Getting Stack Overflow questions at 2018-03-22 03:30:02
Extracted 0 questions
Posting questions as tweets
Getting Stack Overflow questions at 2018-03-22 03:45:01
Extracted 0 questions
Posting questions as tweets
Getting Stack Overflow questions at 2018-03-22 04:00:01
Extracted 0 questions
Posting questions as tweets
Getting Stack Overflow questions at 2018-03-22 04:15:02
Extracted 0 questions
Posting questions as tweets
Getting Stack Overflow questions at 2018-03-22 04:30:01
Extracted 0 questions
Posting questions as tweets
Getting Stack Overflow questions at 2018-03-22 04:45:01
Extracted 0 questions
Posting questions as tweets
Getting Stack Overflow questions at 2018-03-22 05:00:02
Extracted 0 questions
Posting questions as tweets
Getting Stack Overflow questions at 2018-03-22 05:15:01
Extracted 0 questions
Posting questions as tweets
Getting Stack Overflow questions at 2018-03-22 05:30:01
Extracted 0 questions
Posting questions as tweets
Getting Stack Overflow questions at 2018-03-22 05:45:02
Extracted 0 questions
Posting questions as tweets
Getting Stack Overflow questions at 2018-03-22 06:00:01
Extracted 0 questions
Posting questions as tweets
Getting Stack Overflow questions at 2018-03-22 06:15:01
Extracted 0 questions
Posting questions as tweets
Getting Stack Overflow questions at 2018-03-22 06:30:02
Extracted 0 questions
Posting questions as tweets
Getting Stack Overflow questions at 2018-03-22 06:45:02
Extracted 0 questions
Posting questions as tweets
Getting Stack Overflow questions at 2018-03-22 07:00:01
Extracted 0 questions
Posting questions as tweets
Getting Stack Overflow questions at 2018-03-22 07:15:02
Extracted 0 questions
Posting questions as tweets
Getting Stack Overflow questions at 2018-03-22 07:30:02
Extracted 0 questions
Posting questions as tweets
Getting Stack Overflow questions at 2018-03-22 07:45:01
Extracted 0 questions
Posting questions as tweets
Getting Stack Overflow questions at 2018-03-22 08:00:02
Extracted 0 questions
Posting questions as tweets
Getting Stack Overflow questions at 2018-03-22 08:15:02
Extracted 0 questions
Posting questions as tweets
Getting Stack Overflow questions at 2018-03-22 08:30:01
Extracted 0 questions
Posting questions as tweets
Getting Stack Overflow questions at 2018-03-22 08:45:01
Extracted 0 questions
Posting questions as tweets
Getting Stack Overflow questions at 2018-03-22 09:00:02
Extracted 0 questions
Posting questions as tweets
Getting Stack Overflow questions at 2018-03-22 09:15:01
Extracted 0 questions
Posting questions as tweets
Getting Stack Overflow questions at 2018-03-22 09:30:01
Extracted 0 questions
Posting questions as tweets
Getting Stack Overflow questions at 2018-03-22 09:45:02
Extracted 0 questions
Posting questions as tweets
Getting Stack Overflow questions at 2018-03-22 10:00:01
Extracted 0 questions
Posting questions as tweets
Getting Stack Overflow questions at 2018-03-22 10:15:02
Extracted 1 questions
Posting questions as tweets
your tweet has been posted!
Getting Stack Overflow questions at 2018-03-22 10:30:02
Extracted 0 questions
Posting questions as tweets
Getting Stack Overflow questions at 2018-03-22 10:45:02
Extracted 0 questions
Posting questions as tweets
Getting Stack Overflow questions at 2018-03-22 11:00:02
Extracted 0 questions
Posting questions as tweets
Getting Stack Overflow questions at 2018-03-22 11:15:01
Extracted 0 questions
Posting questions as tweets
Getting Stack Overflow questions at 2018-03-22 11:30:02
Extracted 0 questions
Posting questions as tweets
Getting Stack Overflow questions at 2018-03-22 11:45:02
Extracted 0 questions
Posting questions as tweets
Getting Stack Overflow questions at 2018-03-22 12:00:02
Extracted 0 questions
Posting questions as tweets
Getting Stack Overflow questions at 2018-03-22 12:15:03
Extracted 0 questions
Posting questions as tweets
Getting Stack Overflow questions at 2018-03-22 12:30:02
Extracted 0 questions
Posting questions as tweets
Getting Stack Overflow questions at 2018-03-22 12:45:01
Extracted 0 questions
Posting questions as tweets
Getting Stack Overflow questions at 2018-03-22 13:00:02
Extracted 0 questions
Posting questions as tweets
Getting Stack Overflow questions at 2018-03-22 13:15:01
Extracted 0 questions
Posting questions as tweets
Getting Stack Overflow questions at 2018-03-22 13:30:01
Extracted 0 questions
Posting questions as tweets
Getting Stack Overflow questions at 2018-03-22 13:45:01
Extracted 0 questions
Posting questions as tweets
Getting Stack Overflow questions at 2018-03-22 14:00:02
Extracted 0 questions
Posting questions as tweets
Getting Stack Overflow questions at 2018-03-22 14:15:02
Extracted 0 questions
Posting questions as tweets
Getting Stack Overflow questions at 2018-03-22 14:30:01
Extracted 0 questions
Posting questions as tweets
Getting Stack Overflow questions at 2018-03-22 14:45:02
Extracted 1 questions
Posting questions as tweets
your tweet has been posted!
Getting Stack Overflow questions at 2018-03-22 15:00:02
Extracted 0 questions
Posting questions as tweets
Getting Stack Overflow questions at 2018-03-22 15:15:02
Extracted 0 questions
Posting questions as tweets
Getting Stack Overflow questions at 2018-03-22 15:30:01
Extracted 0 questions
Posting questions as tweets
Getting Stack Overflow questions at 2018-03-22 15:45:02
Extracted 0 questions
Posting questions as tweets
